Using pre-set license
Built from '2020.3/release' branch; Version is '2020.3.15f2 (6cf78cb77498) revision 7141260'; Using compiler version '192528614'; Build Type 'Release'
OS: 'Windows 10 Home; OS build 19044.1526; Version 2009; 64bit' Language: 'en' Physical Memory: 16300 MB
BatchMode: 1, IsHumanControllingUs: 0, StartBugReporterOnCrash: 0, Is64bit: 1, IsPro: 0

 COMMAND LINE ARGUMENTS:
C:\Program Files\Unity\Hub\Editor\2020.3.15f2\Editor\Unity.exe
-adb2
-batchMode
-noUpm
-name
AssetImportWorker0
-projectPath
C:/Users/david/Git/PixelGunsmith
-logFile
Logs/AssetImportWorker0.log
-srvPort
55823
Successfully changed project path to: C:/Users/david/Git/PixelGunsmith
C:/Users/david/Git/PixelGunsmith
Using Asset Import Pipeline V2.
Refreshing native plugins compatible for Editor in 86.75 ms, found 3 plugins.
Preloading 0 native plugins for Editor in 0.00 ms.
Initialize engine version: 2020.3.15f2 (6cf78cb77498)
[Subsystems] Discovering subsystems at path C:/Program Files/Unity/Hub/Editor/2020.3.15f2/Editor/Data/Resources/UnitySubsystems
[Subsystems] Discovering subsystems at path C:/Users/david/Git/PixelGunsmith/Assets
GfxDevice: creating device client; threaded=0
Direct3D:
    Version:  Direct3D 11.0 [level 11.1]
    Renderer: AMD Radeon (TM) R5 M330 (ID=0x6660)
    Vendor:   
    VRAM:     2039 MB
    Driver:   27.20.20903.8001
Initialize mono
Mono path[0] = 'C:/Program Files/Unity/Hub/Editor/2020.3.15f2/Editor/Data/Managed'
Mono path[1] = 'C:/Program Files/Unity/Hub/Editor/2020.3.15f2/Editor/Data/MonoBleedingEdge/lib/mono/unityjit'
Mono config path = 'C:/Program Files/Unity/Hub/Editor/2020.3.15f2/Editor/Data/MonoBleedingEdge/etc'
Using monoOptions --debugger-agent=transport=dt_socket,embedding=1,server=y,suspend=n,address=127.0.0.1:56424
Begin MonoManager ReloadAssembly
Registering precompiled unity dll's ...
Register platform support module: C:/Program Files/Unity/Hub/Editor/2020.3.15f2/Editor/Data/PlaybackEngines/WindowsStandaloneSupport/UnityEditor.WindowsStandalone.Extensions.dll
Registered in 0.003197 seconds.
Native extension for WindowsStandalone target not found
Refreshing native plugins compatible for Editor in 75.45 ms, found 3 plugins.
Preloading 0 native plugins for Editor in 0.00 ms.
Mono: successfully reloaded assembly
- Completed reload, in  1.686 seconds
Domain Reload Profiling:
	ReloadAssembly (1687ms)
		BeginReloadAssembly (86ms)
			ExecutionOrderSort (0ms)
			DisableScriptedObjects (0ms)
			BackupInstance (0ms)
			ReleaseScriptingObjects (0ms)
			CreateAndSetChildDomain (1ms)
		EndReloadAssembly (702ms)
			LoadAssemblies (83ms)
			RebuildTransferFunctionScriptingTraits (0ms)
			SetupTypeCache (258ms)
			ReleaseScriptCaches (0ms)
			RebuildScriptCaches (54ms)
			SetupLoadedEditorAssemblies (273ms)
				LogAssemblyErrors (0ms)
				InitializePlatformSupportModulesInManaged (6ms)
				SetLoadedEditorAssemblies (0ms)
				RefreshPlugins (76ms)
				BeforeProcessingInitializeOnLoad (14ms)
				ProcessInitializeOnLoadAttributes (132ms)
				ProcessInitializeOnLoadMethodAttributes (45ms)
				AfterProcessingInitializeOnLoad (0ms)
				EditorAssembliesLoaded (1ms)
			ExecutionOrderSort2 (0ms)
			AwakeInstancesAfterBackupRestoration (0ms)
Platform modules already initialized, skipping
Registering precompiled user dll's ...
Registered in 0.006084 seconds.
Begin MonoManager ReloadAssembly
Native extension for WindowsStandalone target not found
Refreshing native plugins compatible for Editor in 76.46 ms, found 3 plugins.
Preloading 0 native plugins for Editor in 0.00 ms.
Mono: successfully reloaded assembly
- Completed reload, in  1.910 seconds
Domain Reload Profiling:
	ReloadAssembly (1911ms)
		BeginReloadAssembly (240ms)
			ExecutionOrderSort (0ms)
			DisableScriptedObjects (6ms)
			BackupInstance (0ms)
			ReleaseScriptingObjects (0ms)
			CreateAndSetChildDomain (26ms)
		EndReloadAssembly (1568ms)
			LoadAssemblies (138ms)
			RebuildTransferFunctionScriptingTraits (0ms)
			SetupTypeCache (436ms)
			ReleaseScriptCaches (1ms)
			RebuildScriptCaches (76ms)
			SetupLoadedEditorAssemblies (750ms)
				LogAssemblyErrors (0ms)
				InitializePlatformSupportModulesInManaged (6ms)
				SetLoadedEditorAssemblies (0ms)
				RefreshPlugins (77ms)
				BeforeProcessingInitializeOnLoad (156ms)
				ProcessInitializeOnLoadAttributes (483ms)
				ProcessInitializeOnLoadMethodAttributes (18ms)
				AfterProcessingInitializeOnLoad (11ms)
				EditorAssembliesLoaded (0ms)
			ExecutionOrderSort2 (0ms)
			AwakeInstancesAfterBackupRestoration (11ms)
Platform modules already initialized, skipping
========================================================================
Worker process is ready to serve import requests
Launched and connected shader compiler UnityShaderCompiler.exe after 0.11 seconds
Refreshing native plugins compatible for Editor in 0.84 ms, found 3 plugins.
Preloading 0 native plugins for Editor in 0.00 ms.
Unloading 2389 Unused Serialized files (Serialized files now loaded: 0)
System memory in use before: 103.8 MB.
System memory in use after: 103.8 MB.

Unloading 35 unused Assets to reduce memory usage. Loaded Objects now: 2825.
Total: 4.066200 ms (FindLiveObjects: 0.282700 ms CreateObjectMapping: 0.172100 ms MarkObjects: 3.441500 ms  DeleteObjects: 0.168300 ms)

AssetImportParameters requested are different than current active one (requested -> active):
  custom:framework-win-MediaFoundation: 216162199b28c13a410421893ffa2e32 -> 
  custom:video-decoder-ogg-theora: a1e56fd34408186e4bbccfd4996cb3dc -> 
  custom:container-muxer-webm: aa71ff27fc2769a1b78a27578f13a17b -> 
  custom:container-demuxer-webm: 4f35f7cbe854078d1ac9338744f61a02 -> 
  custom:container-demuxer-ogg: 62fdf1f143b41e24485cea50d1cbac27 -> 
  custom:video-encoder-webm-vp8: eb34c28f22e8b96e1ab97ce403110664 -> 
  custom:video-decoder-webm-vp8: 9c59270c3fd7afecdb556c50c9e8de78 -> 
  custom:audio-decoder-ogg-vorbis: bf7c407c2cedff20999df2af8eb42d56 -> 
  custom:audio-encoder-webm-vorbis: bf7c407c2cedff20999df2af8eb42d56 -> 
========================================================================
Received Import Request.
  path: Assets/Prefabs/composedM4A1.prefab
  artifactKey: Guid(0de1e880b25dc294198ff38efee8324e) Importer(815301076,1909f56bfc062723c751e8b465ee728b)
Start importing Assets/Prefabs/composedM4A1.prefab using Guid(0de1e880b25dc294198ff38efee8324e) Importer(815301076,1909f56bfc062723c751e8b465ee728b)  -> (artifact id: 'bcd3be1e237df794114689e2504941ea') in 0.186002 seconds 
  Import took 0.191543 seconds .

========================================================================
Received Prepare
Registering precompiled user dll's ...
Registered in 0.006611 seconds.
Begin MonoManager ReloadAssembly
Native extension for WindowsStandalone target not found
Refreshing native plugins compatible for Editor in 0.57 ms, found 3 plugins.
Preloading 0 native plugins for Editor in 0.00 ms.
Mono: successfully reloaded assembly
- Completed reload, in  1.490 seconds
Domain Reload Profiling:
	ReloadAssembly (1490ms)
		BeginReloadAssembly (165ms)
			ExecutionOrderSort (0ms)
			DisableScriptedObjects (7ms)
			BackupInstance (0ms)
			ReleaseScriptingObjects (0ms)
			CreateAndSetChildDomain (45ms)
		EndReloadAssembly (1244ms)
			LoadAssemblies (133ms)
			RebuildTransferFunctionScriptingTraits (0ms)
			SetupTypeCache (387ms)
			ReleaseScriptCaches (1ms)
			RebuildScriptCaches (56ms)
			SetupLoadedEditorAssemblies (534ms)
				LogAssemblyErrors (0ms)
				InitializePlatformSupportModulesInManaged (5ms)
				SetLoadedEditorAssemblies (1ms)
				RefreshPlugins (1ms)
				BeforeProcessingInitializeOnLoad (124ms)
				ProcessInitializeOnLoadAttributes (387ms)
				ProcessInitializeOnLoadMethodAttributes (8ms)
				AfterProcessingInitializeOnLoad (8ms)
				EditorAssembliesLoaded (0ms)
			ExecutionOrderSort2 (0ms)
			AwakeInstancesAfterBackupRestoration (12ms)
Platform modules already initialized, skipping
Refreshing native plugins compatible for Editor in 0.54 ms, found 3 plugins.
Preloading 0 native plugins for Editor in 0.00 ms.
Unloading 2384 Unused Serialized files (Serialized files now loaded: 0)
System memory in use before: 106.9 MB.
System memory in use after: 107.0 MB.

Unloading 21 unused Assets to reduce memory usage. Loaded Objects now: 2836.
Total: 3.771500 ms (FindLiveObjects: 0.274700 ms CreateObjectMapping: 0.129000 ms MarkObjects: 3.250400 ms  DeleteObjects: 0.116100 ms)

AssetImportParameters requested are different than current active one (requested -> active):
  custom:framework-win-MediaFoundation: 216162199b28c13a410421893ffa2e32 -> 
  custom:video-decoder-ogg-theora: a1e56fd34408186e4bbccfd4996cb3dc -> 
  custom:container-muxer-webm: aa71ff27fc2769a1b78a27578f13a17b -> 
  custom:container-demuxer-webm: 4f35f7cbe854078d1ac9338744f61a02 -> 
  custom:container-demuxer-ogg: 62fdf1f143b41e24485cea50d1cbac27 -> 
  custom:video-encoder-webm-vp8: eb34c28f22e8b96e1ab97ce403110664 -> 
  custom:video-decoder-webm-vp8: 9c59270c3fd7afecdb556c50c9e8de78 -> 
  custom:audio-decoder-ogg-vorbis: bf7c407c2cedff20999df2af8eb42d56 -> 
  custom:audio-encoder-webm-vorbis: bf7c407c2cedff20999df2af8eb42d56 -> 
========================================================================
Received Import Request.
  Time since last request: 471.851643 seconds.
  path: Assets/Prefabs/composedM4A1.prefab
  artifactKey: Guid(0de1e880b25dc294198ff38efee8324e) Importer(815301076,1909f56bfc062723c751e8b465ee728b)
Start importing Assets/Prefabs/composedM4A1.prefab using Guid(0de1e880b25dc294198ff38efee8324e) Importer(815301076,1909f56bfc062723c751e8b465ee728b)  -> (artifact id: '2fc752b06bb4308f7521eb106f7813fe') in 0.107134 seconds 
  Import took 0.114925 seconds .

========================================================================
Received Import Request.
  Time since last request: 9.875982 seconds.
  path: Assets/Prefabs/composedM4A1.prefab
  artifactKey: Guid(0de1e880b25dc294198ff38efee8324e) Importer(815301076,1909f56bfc062723c751e8b465ee728b)
Start importing Assets/Prefabs/composedM4A1.prefab using Guid(0de1e880b25dc294198ff38efee8324e) Importer(815301076,1909f56bfc062723c751e8b465ee728b)  -> (artifact id: 'b5e9fe5773cd415c12e764368d8a9777') in 0.028619 seconds 
  Import took 0.034939 seconds .

========================================================================
Received Import Request.
  Time since last request: 18.922378 seconds.
  path: Assets/Prefabs/composedM4A1.prefab
  artifactKey: Guid(0de1e880b25dc294198ff38efee8324e) Importer(815301076,1909f56bfc062723c751e8b465ee728b)
Start importing Assets/Prefabs/composedM4A1.prefab using Guid(0de1e880b25dc294198ff38efee8324e) Importer(815301076,1909f56bfc062723c751e8b465ee728b)  -> (artifact id: '0b145a05918855360032144a6fe143a0') in 0.026786 seconds 
  Import took 0.033776 seconds .

========================================================================
Received Import Request.
  Time since last request: 8.931829 seconds.
  path: Assets/Prefabs/composedM4A1.prefab
  artifactKey: Guid(0de1e880b25dc294198ff38efee8324e) Importer(815301076,1909f56bfc062723c751e8b465ee728b)
Start importing Assets/Prefabs/composedM4A1.prefab using Guid(0de1e880b25dc294198ff38efee8324e) Importer(815301076,1909f56bfc062723c751e8b465ee728b)  -> (artifact id: 'c722875eca80c0628d28d26fe6bd08fc') in 0.026673 seconds 
  Import took 0.032706 seconds .

========================================================================
Received Import Request.
  Time since last request: 14.455578 seconds.
  path: Assets/Prefabs/composedM4A1.prefab
  artifactKey: Guid(0de1e880b25dc294198ff38efee8324e) Importer(815301076,1909f56bfc062723c751e8b465ee728b)
Start importing Assets/Prefabs/composedM4A1.prefab using Guid(0de1e880b25dc294198ff38efee8324e) Importer(815301076,1909f56bfc062723c751e8b465ee728b)  -> (artifact id: 'd193ef69f21cccad8bec2976079dacfb') in 0.030300 seconds 
  Import took 0.035751 seconds .

========================================================================
Received Import Request.
  Time since last request: 1.015021 seconds.
  path: Assets/Prefabs/composedM4A1.prefab
  artifactKey: Guid(0de1e880b25dc294198ff38efee8324e) Importer(815301076,1909f56bfc062723c751e8b465ee728b)
Start importing Assets/Prefabs/composedM4A1.prefab using Guid(0de1e880b25dc294198ff38efee8324e) Importer(815301076,1909f56bfc062723c751e8b465ee728b)  -> (artifact id: 'b1361536f52a6541a3a23729a15a0776') in 0.029475 seconds 
  Import took 0.036064 seconds .

========================================================================
Received Import Request.
  Time since last request: 0.797174 seconds.
  path: Assets/Prefabs/composedM4A1.prefab
  artifactKey: Guid(0de1e880b25dc294198ff38efee8324e) Importer(815301076,1909f56bfc062723c751e8b465ee728b)
Start importing Assets/Prefabs/composedM4A1.prefab using Guid(0de1e880b25dc294198ff38efee8324e) Importer(815301076,1909f56bfc062723c751e8b465ee728b)  -> (artifact id: '8a8d7ca5d40dce75d5d56cd1b390486e') in 0.023674 seconds 
  Import took 0.031354 seconds .

========================================================================
Received Import Request.
  Time since last request: 2.634765 seconds.
  path: Assets/Prefabs/composedM4A1.prefab
  artifactKey: Guid(0de1e880b25dc294198ff38efee8324e) Importer(815301076,1909f56bfc062723c751e8b465ee728b)
Start importing Assets/Prefabs/composedM4A1.prefab using Guid(0de1e880b25dc294198ff38efee8324e) Importer(815301076,1909f56bfc062723c751e8b465ee728b)  -> (artifact id: 'caccd1df6fa7352ae23681adde8aa72b') in 0.025908 seconds 
  Import took 0.030900 seconds .

========================================================================
Received Import Request.
  Time since last request: 0.781743 seconds.
  path: Assets/Prefabs/composedM4A1.prefab
  artifactKey: Guid(0de1e880b25dc294198ff38efee8324e) Importer(815301076,1909f56bfc062723c751e8b465ee728b)
Start importing Assets/Prefabs/composedM4A1.prefab using Guid(0de1e880b25dc294198ff38efee8324e) Importer(815301076,1909f56bfc062723c751e8b465ee728b)  -> (artifact id: 'a020d58a602b1e93ce0fae2a2d7bc120') in 0.023651 seconds 
  Import took 0.031151 seconds .

========================================================================
Received Import Request.
  Time since last request: 0.977808 seconds.
  path: Assets/Prefabs/composedM4A1.prefab
  artifactKey: Guid(0de1e880b25dc294198ff38efee8324e) Importer(815301076,1909f56bfc062723c751e8b465ee728b)
Start importing Assets/Prefabs/composedM4A1.prefab using Guid(0de1e880b25dc294198ff38efee8324e) Importer(815301076,1909f56bfc062723c751e8b465ee728b)  -> (artifact id: '58b30c2aff63f73df63d19c39fc917a2') in 0.023173 seconds 
  Import took 0.028543 seconds .

========================================================================
Received Import Request.
  Time since last request: 1.197678 seconds.
  path: Assets/Prefabs/composedM4A1.prefab
  artifactKey: Guid(0de1e880b25dc294198ff38efee8324e) Importer(815301076,1909f56bfc062723c751e8b465ee728b)
Start importing Assets/Prefabs/composedM4A1.prefab using Guid(0de1e880b25dc294198ff38efee8324e) Importer(815301076,1909f56bfc062723c751e8b465ee728b)  -> (artifact id: 'f33b25c01d69710357572172f721925f') in 0.025018 seconds 
  Import took 0.032653 seconds .

========================================================================
Received Import Request.
  Time since last request: 0.585518 seconds.
  path: Assets/Prefabs/composedM4A1.prefab
  artifactKey: Guid(0de1e880b25dc294198ff38efee8324e) Importer(815301076,1909f56bfc062723c751e8b465ee728b)
Start importing Assets/Prefabs/composedM4A1.prefab using Guid(0de1e880b25dc294198ff38efee8324e) Importer(815301076,1909f56bfc062723c751e8b465ee728b)  -> (artifact id: '3488a750fbd0ecb96855e363540aacab') in 0.024649 seconds 
  Import took 0.030902 seconds .

========================================================================
Received Import Request.
  Time since last request: 0.435894 seconds.
  path: Assets/Prefabs/composedM4A1.prefab
  artifactKey: Guid(0de1e880b25dc294198ff38efee8324e) Importer(815301076,1909f56bfc062723c751e8b465ee728b)
Start importing Assets/Prefabs/composedM4A1.prefab using Guid(0de1e880b25dc294198ff38efee8324e) Importer(815301076,1909f56bfc062723c751e8b465ee728b)  -> (artifact id: 'f2a8374c3a84e803b54983d233179dd7') in 0.030809 seconds 
  Import took 0.036409 seconds .

========================================================================
Received Import Request.
  Time since last request: 0.322065 seconds.
  path: Assets/Prefabs/composedM4A1.prefab
  artifactKey: Guid(0de1e880b25dc294198ff38efee8324e) Importer(815301076,1909f56bfc062723c751e8b465ee728b)
Start importing Assets/Prefabs/composedM4A1.prefab using Guid(0de1e880b25dc294198ff38efee8324e) Importer(815301076,1909f56bfc062723c751e8b465ee728b)  -> (artifact id: '391869c7f749db89ea1dd19029cc9877') in 0.024001 seconds 
  Import took 0.030545 seconds .

========================================================================
Received Import Request.
  Time since last request: 0.351283 seconds.
  path: Assets/Prefabs/composedM4A1.prefab
  artifactKey: Guid(0de1e880b25dc294198ff38efee8324e) Importer(815301076,1909f56bfc062723c751e8b465ee728b)
Start importing Assets/Prefabs/composedM4A1.prefab using Guid(0de1e880b25dc294198ff38efee8324e) Importer(815301076,1909f56bfc062723c751e8b465ee728b)  -> (artifact id: '0c68c6bfb9f90d9902b332d6706f18d2') in 0.025949 seconds 
  Import took 0.030744 seconds .

========================================================================
Received Import Request.
  Time since last request: 0.352294 seconds.
  path: Assets/Prefabs/composedM4A1.prefab
  artifactKey: Guid(0de1e880b25dc294198ff38efee8324e) Importer(815301076,1909f56bfc062723c751e8b465ee728b)
Start importing Assets/Prefabs/composedM4A1.prefab using Guid(0de1e880b25dc294198ff38efee8324e) Importer(815301076,1909f56bfc062723c751e8b465ee728b)  -> (artifact id: '457b9b855f7950835ace1cfeea856cc1') in 0.024543 seconds 
  Import took 0.030107 seconds .

========================================================================
Received Import Request.
  Time since last request: 0.175384 seconds.
  path: Assets/Prefabs/composedM4A1.prefab
  artifactKey: Guid(0de1e880b25dc294198ff38efee8324e) Importer(815301076,1909f56bfc062723c751e8b465ee728b)
Start importing Assets/Prefabs/composedM4A1.prefab using Guid(0de1e880b25dc294198ff38efee8324e) Importer(815301076,1909f56bfc062723c751e8b465ee728b)  -> (artifact id: '31160898d11f1b2816c2073786bc86bd') in 0.030049 seconds 
  Import took 0.039235 seconds .

========================================================================
Received Import Request.
  Time since last request: 0.384273 seconds.
  path: Assets/Prefabs/composedM4A1.prefab
  artifactKey: Guid(0de1e880b25dc294198ff38efee8324e) Importer(815301076,1909f56bfc062723c751e8b465ee728b)
Start importing Assets/Prefabs/composedM4A1.prefab using Guid(0de1e880b25dc294198ff38efee8324e) Importer(815301076,1909f56bfc062723c751e8b465ee728b)  -> (artifact id: '8b57bbb772da5abf722aeca64998ad23') in 0.023478 seconds 
  Import took 0.030787 seconds .

========================================================================
Received Import Request.
  Time since last request: 0.355584 seconds.
  path: Assets/Prefabs/composedM4A1.prefab
  artifactKey: Guid(0de1e880b25dc294198ff38efee8324e) Importer(815301076,1909f56bfc062723c751e8b465ee728b)
Start importing Assets/Prefabs/composedM4A1.prefab using Guid(0de1e880b25dc294198ff38efee8324e) Importer(815301076,1909f56bfc062723c751e8b465ee728b)  -> (artifact id: '46df2c22f24a52fd29c304b29e2d6632') in 0.024339 seconds 
  Import took 0.030764 seconds .

========================================================================
Received Import Request.
  Time since last request: 0.587376 seconds.
  path: Assets/Prefabs/composedM4A1.prefab
  artifactKey: Guid(0de1e880b25dc294198ff38efee8324e) Importer(815301076,1909f56bfc062723c751e8b465ee728b)
Start importing Assets/Prefabs/composedM4A1.prefab using Guid(0de1e880b25dc294198ff38efee8324e) Importer(815301076,1909f56bfc062723c751e8b465ee728b)  -> (artifact id: '145d3486342231acf4ff711fc53088b8') in 0.023394 seconds 
  Import took 0.029060 seconds .

========================================================================
Received Prepare
Registering precompiled user dll's ...
Registered in 0.007653 seconds.
Begin MonoManager ReloadAssembly
Native extension for WindowsStandalone target not found
Refreshing native plugins compatible for Editor in 0.74 ms, found 3 plugins.
Preloading 0 native plugins for Editor in 0.00 ms.
Mono: successfully reloaded assembly
- Completed reload, in  1.436 seconds
Domain Reload Profiling:
	ReloadAssembly (1436ms)
		BeginReloadAssembly (131ms)
			ExecutionOrderSort (0ms)
			DisableScriptedObjects (7ms)
			BackupInstance (0ms)
			ReleaseScriptingObjects (0ms)
			CreateAndSetChildDomain (44ms)
		EndReloadAssembly (1229ms)
			LoadAssemblies (111ms)
			RebuildTransferFunctionScriptingTraits (0ms)
			SetupTypeCache (367ms)
			ReleaseScriptCaches (1ms)
			RebuildScriptCaches (55ms)
			SetupLoadedEditorAssemblies (527ms)
				LogAssemblyErrors (0ms)
				InitializePlatformSupportModulesInManaged (5ms)
				SetLoadedEditorAssemblies (1ms)
				RefreshPlugins (1ms)
				BeforeProcessingInitializeOnLoad (130ms)
				ProcessInitializeOnLoadAttributes (376ms)
				ProcessInitializeOnLoadMethodAttributes (7ms)
				AfterProcessingInitializeOnLoad (8ms)
				EditorAssembliesLoaded (0ms)
			ExecutionOrderSort2 (0ms)
			AwakeInstancesAfterBackupRestoration (12ms)
Platform modules already initialized, skipping
Refreshing native plugins compatible for Editor in 0.55 ms, found 3 plugins.
Preloading 0 native plugins for Editor in 0.00 ms.
Unloading 2384 Unused Serialized files (Serialized files now loaded: 0)
System memory in use before: 107.0 MB.
System memory in use after: 107.1 MB.

Unloading 21 unused Assets to reduce memory usage. Loaded Objects now: 2841.
Total: 6.199400 ms (FindLiveObjects: 0.891600 ms CreateObjectMapping: 0.306200 ms MarkObjects: 4.860400 ms  DeleteObjects: 0.138100 ms)

AssetImportParameters requested are different than current active one (requested -> active):
  custom:framework-win-MediaFoundation: 216162199b28c13a410421893ffa2e32 -> 
  custom:video-decoder-ogg-theora: a1e56fd34408186e4bbccfd4996cb3dc -> 
  custom:container-muxer-webm: aa71ff27fc2769a1b78a27578f13a17b -> 
  custom:container-demuxer-webm: 4f35f7cbe854078d1ac9338744f61a02 -> 
  custom:container-demuxer-ogg: 62fdf1f143b41e24485cea50d1cbac27 -> 
  custom:video-encoder-webm-vp8: eb34c28f22e8b96e1ab97ce403110664 -> 
  custom:video-decoder-webm-vp8: 9c59270c3fd7afecdb556c50c9e8de78 -> 
  custom:audio-decoder-ogg-vorbis: bf7c407c2cedff20999df2af8eb42d56 -> 
  custom:audio-encoder-webm-vorbis: bf7c407c2cedff20999df2af8eb42d56 -> 
========================================================================
Received Import Request.
  Time since last request: 84.464846 seconds.
  path: Assets/Prefabs/composedM4A1.prefab
  artifactKey: Guid(0de1e880b25dc294198ff38efee8324e) Importer(815301076,1909f56bfc062723c751e8b465ee728b)
Start importing Assets/Prefabs/composedM4A1.prefab using Guid(0de1e880b25dc294198ff38efee8324e) Importer(815301076,1909f56bfc062723c751e8b465ee728b)  -> (artifact id: 'ef536b13ffa17cd891f4b5bef6757990') in 0.092172 seconds 
  Import took 0.098627 seconds .

========================================================================
Received Prepare
Registering precompiled user dll's ...
Registered in 0.006328 seconds.
Begin MonoManager ReloadAssembly
Native extension for WindowsStandalone target not found
Refreshing native plugins compatible for Editor in 0.55 ms, found 3 plugins.
Preloading 0 native plugins for Editor in 0.00 ms.
Mono: successfully reloaded assembly
- Completed reload, in  1.379 seconds
Domain Reload Profiling:
	ReloadAssembly (1379ms)
		BeginReloadAssembly (156ms)
			ExecutionOrderSort (0ms)
			DisableScriptedObjects (7ms)
			BackupInstance (0ms)
			ReleaseScriptingObjects (0ms)
			CreateAndSetChildDomain (45ms)
		EndReloadAssembly (1149ms)
			LoadAssemblies (134ms)
			RebuildTransferFunctionScriptingTraits (0ms)
			SetupTypeCache (361ms)
			ReleaseScriptCaches (1ms)
			RebuildScriptCaches (51ms)
			SetupLoadedEditorAssemblies (489ms)
				LogAssemblyErrors (0ms)
				InitializePlatformSupportModulesInManaged (5ms)
				SetLoadedEditorAssemblies (1ms)
				RefreshPlugins (1ms)
				BeforeProcessingInitializeOnLoad (116ms)
				ProcessInitializeOnLoadAttributes (352ms)
				ProcessInitializeOnLoadMethodAttributes (7ms)
				AfterProcessingInitializeOnLoad (8ms)
				EditorAssembliesLoaded (0ms)
			ExecutionOrderSort2 (0ms)
			AwakeInstancesAfterBackupRestoration (12ms)
Platform modules already initialized, skipping
Refreshing native plugins compatible for Editor in 0.55 ms, found 3 plugins.
Preloading 0 native plugins for Editor in 0.00 ms.
Unloading 2384 Unused Serialized files (Serialized files now loaded: 0)
System memory in use before: 107.1 MB.
System memory in use after: 107.1 MB.

Unloading 21 unused Assets to reduce memory usage. Loaded Objects now: 2846.
Total: 3.791600 ms (FindLiveObjects: 0.248000 ms CreateObjectMapping: 0.111000 ms MarkObjects: 3.308800 ms  DeleteObjects: 0.121300 ms)

AssetImportParameters requested are different than current active one (requested -> active):
  custom:framework-win-MediaFoundation: 216162199b28c13a410421893ffa2e32 -> 
  custom:video-decoder-ogg-theora: a1e56fd34408186e4bbccfd4996cb3dc -> 
  custom:container-muxer-webm: aa71ff27fc2769a1b78a27578f13a17b -> 
  custom:container-demuxer-webm: 4f35f7cbe854078d1ac9338744f61a02 -> 
  custom:container-demuxer-ogg: 62fdf1f143b41e24485cea50d1cbac27 -> 
  custom:video-encoder-webm-vp8: eb34c28f22e8b96e1ab97ce403110664 -> 
  custom:video-decoder-webm-vp8: 9c59270c3fd7afecdb556c50c9e8de78 -> 
  custom:audio-decoder-ogg-vorbis: bf7c407c2cedff20999df2af8eb42d56 -> 
  custom:audio-encoder-webm-vorbis: bf7c407c2cedff20999df2af8eb42d56 -> 
========================================================================
Received Prepare
Registering precompiled user dll's ...
Registered in 0.005385 seconds.
Begin MonoManager ReloadAssembly
Native extension for WindowsStandalone target not found
Refreshing native plugins compatible for Editor in 0.89 ms, found 3 plugins.
Preloading 0 native plugins for Editor in 0.00 ms.
Mono: successfully reloaded assembly
- Completed reload, in  1.526 seconds
Domain Reload Profiling:
	ReloadAssembly (1526ms)
		BeginReloadAssembly (169ms)
			ExecutionOrderSort (0ms)
			DisableScriptedObjects (9ms)
			BackupInstance (0ms)
			ReleaseScriptingObjects (0ms)
			CreateAndSetChildDomain (43ms)
		EndReloadAssembly (1270ms)
			LoadAssemblies (135ms)
			RebuildTransferFunctionScriptingTraits (0ms)
			SetupTypeCache (395ms)
			ReleaseScriptCaches (1ms)
			RebuildScriptCaches (55ms)
			SetupLoadedEditorAssemblies (549ms)
				LogAssemblyErrors (0ms)
				InitializePlatformSupportModulesInManaged (8ms)
				SetLoadedEditorAssemblies (1ms)
				RefreshPlugins (1ms)
				BeforeProcessingInitializeOnLoad (134ms)
				ProcessInitializeOnLoadAttributes (389ms)
				ProcessInitializeOnLoadMethodAttributes (7ms)
				AfterProcessingInitializeOnLoad (10ms)
				EditorAssembliesLoaded (0ms)
			ExecutionOrderSort2 (0ms)
			AwakeInstancesAfterBackupRestoration (12ms)
Platform modules already initialized, skipping
Refreshing native plugins compatible for Editor in 0.54 ms, found 3 plugins.
Preloading 0 native plugins for Editor in 0.00 ms.
Unloading 2384 Unused Serialized files (Serialized files now loaded: 0)
System memory in use before: 107.1 MB.
System memory in use after: 107.2 MB.

Unloading 21 unused Assets to reduce memory usage. Loaded Objects now: 2850.
Total: 3.353100 ms (FindLiveObjects: 0.257400 ms CreateObjectMapping: 0.152000 ms MarkObjects: 2.820100 ms  DeleteObjects: 0.122500 ms)

AssetImportParameters requested are different than current active one (requested -> active):
  custom:framework-win-MediaFoundation: 216162199b28c13a410421893ffa2e32 -> 
  custom:video-decoder-ogg-theora: a1e56fd34408186e4bbccfd4996cb3dc -> 
  custom:container-muxer-webm: aa71ff27fc2769a1b78a27578f13a17b -> 
  custom:container-demuxer-webm: 4f35f7cbe854078d1ac9338744f61a02 -> 
  custom:container-demuxer-ogg: 62fdf1f143b41e24485cea50d1cbac27 -> 
  custom:video-encoder-webm-vp8: eb34c28f22e8b96e1ab97ce403110664 -> 
  custom:video-decoder-webm-vp8: 9c59270c3fd7afecdb556c50c9e8de78 -> 
  custom:audio-decoder-ogg-vorbis: bf7c407c2cedff20999df2af8eb42d56 -> 
  custom:audio-encoder-webm-vorbis: bf7c407c2cedff20999df2af8eb42d56 -> 
========================================================================
Received Import Request.
  Time since last request: 725.155319 seconds.
  path: Assets/Prefabs/composedM4A1.prefab
  artifactKey: Guid(0de1e880b25dc294198ff38efee8324e) Importer(815301076,1909f56bfc062723c751e8b465ee728b)
Start importing Assets/Prefabs/composedM4A1.prefab using Guid(0de1e880b25dc294198ff38efee8324e) Importer(815301076,1909f56bfc062723c751e8b465ee728b)  -> (artifact id: 'ee9f142963b0075390fa9f7d0e49cb32') in 0.117664 seconds 
  Import took 0.124982 seconds .

========================================================================
Received Import Request.
  Time since last request: 9.830341 seconds.
  path: Assets/Prefabs/composedM4A1.prefab
  artifactKey: Guid(0de1e880b25dc294198ff38efee8324e) Importer(815301076,1909f56bfc062723c751e8b465ee728b)
Start importing Assets/Prefabs/composedM4A1.prefab using Guid(0de1e880b25dc294198ff38efee8324e) Importer(815301076,1909f56bfc062723c751e8b465ee728b)  -> (artifact id: '70c54d8166f3f4a38f608788d1f269e1') in 0.024622 seconds 
  Import took 0.031877 seconds .

========================================================================
Received Import Request.
  Time since last request: 9.943857 seconds.
  path: Assets/Prefabs/composedM4A1.prefab
  artifactKey: Guid(0de1e880b25dc294198ff38efee8324e) Importer(815301076,1909f56bfc062723c751e8b465ee728b)
Start importing Assets/Prefabs/composedM4A1.prefab using Guid(0de1e880b25dc294198ff38efee8324e) Importer(815301076,1909f56bfc062723c751e8b465ee728b)  -> (artifact id: 'f9b22420e1525a0fc9a26e5344095658') in 0.022359 seconds 
  Import took 0.027765 seconds .

========================================================================
Received Import Request.
  Time since last request: 7.364272 seconds.
  path: Assets/Prefabs/composedM4A1.prefab
  artifactKey: Guid(0de1e880b25dc294198ff38efee8324e) Importer(815301076,1909f56bfc062723c751e8b465ee728b)
Start importing Assets/Prefabs/composedM4A1.prefab using Guid(0de1e880b25dc294198ff38efee8324e) Importer(815301076,1909f56bfc062723c751e8b465ee728b)  -> (artifact id: '8433dbb1f5d7e51d1ba54aa00517362d') in 0.024879 seconds 
  Import took 0.031701 seconds .

========================================================================
Received Import Request.
  Time since last request: 42.605556 seconds.
  path: Assets/Prefabs/composedM4A1.prefab
  artifactKey: Guid(0de1e880b25dc294198ff38efee8324e) Importer(815301076,1909f56bfc062723c751e8b465ee728b)
Start importing Assets/Prefabs/composedM4A1.prefab using Guid(0de1e880b25dc294198ff38efee8324e) Importer(815301076,1909f56bfc062723c751e8b465ee728b)  -> (artifact id: 'e8c156ded6094ca1cc50a657df8e6b06') in 0.029222 seconds 
  Import took 0.035202 seconds .

========================================================================
Received Import Request.
  Time since last request: 2.653016 seconds.
  path: Assets/Prefabs/composedM4A1.prefab
  artifactKey: Guid(0de1e880b25dc294198ff38efee8324e) Importer(815301076,1909f56bfc062723c751e8b465ee728b)
Start importing Assets/Prefabs/composedM4A1.prefab using Guid(0de1e880b25dc294198ff38efee8324e) Importer(815301076,1909f56bfc062723c751e8b465ee728b)  -> (artifact id: '11a863b78b579e4dcaffefc78e92321b') in 0.024199 seconds 
  Import took 0.029430 seconds .

========================================================================
Received Import Request.
  Time since last request: 21.066156 seconds.
  path: Assets/Prefabs/composedM4A1.prefab
  artifactKey: Guid(0de1e880b25dc294198ff38efee8324e) Importer(815301076,1909f56bfc062723c751e8b465ee728b)
Start importing Assets/Prefabs/composedM4A1.prefab using Guid(0de1e880b25dc294198ff38efee8324e) Importer(815301076,1909f56bfc062723c751e8b465ee728b)  -> (artifact id: '2c5febc447ba9933bf44629326d2179a') in 0.026041 seconds 
  Import took 0.033023 seconds .

========================================================================
Received Import Request.
  Time since last request: 8.350142 seconds.
  path: Assets/Prefabs/composedM4A1.prefab
  artifactKey: Guid(0de1e880b25dc294198ff38efee8324e) Importer(815301076,1909f56bfc062723c751e8b465ee728b)
Start importing Assets/Prefabs/composedM4A1.prefab using Guid(0de1e880b25dc294198ff38efee8324e) Importer(815301076,1909f56bfc062723c751e8b465ee728b)  -> (artifact id: '36ca053c028a85dfe2ffbc0b76bf76b5') in 0.027952 seconds 
  Import took 0.034621 seconds .

========================================================================
Received Import Request.
  Time since last request: 1.398716 seconds.
  path: Assets/Prefabs/composedM4A1.prefab
  artifactKey: Guid(0de1e880b25dc294198ff38efee8324e) Importer(815301076,1909f56bfc062723c751e8b465ee728b)
Start importing Assets/Prefabs/composedM4A1.prefab using Guid(0de1e880b25dc294198ff38efee8324e) Importer(815301076,1909f56bfc062723c751e8b465ee728b)  -> (artifact id: '2d81ad6ec2bd21577a6e334bad1b8e0b') in 0.027703 seconds 
  Import took 0.033218 seconds .

========================================================================
Received Import Request.
  Time since last request: 1.377133 seconds.
  path: Assets/Prefabs/composedM4A1.prefab
  artifactKey: Guid(0de1e880b25dc294198ff38efee8324e) Importer(815301076,1909f56bfc062723c751e8b465ee728b)
Start importing Assets/Prefabs/composedM4A1.prefab using Guid(0de1e880b25dc294198ff38efee8324e) Importer(815301076,1909f56bfc062723c751e8b465ee728b)  -> (artifact id: 'eda39d7b422ba0902bfc76be0f055d49') in 0.019628 seconds 
  Import took 0.025090 seconds .

========================================================================
Received Import Request.
  Time since last request: 0.988577 seconds.
  path: Assets/Prefabs/composedM4A1.prefab
  artifactKey: Guid(0de1e880b25dc294198ff38efee8324e) Importer(815301076,1909f56bfc062723c751e8b465ee728b)
Start importing Assets/Prefabs/composedM4A1.prefab using Guid(0de1e880b25dc294198ff38efee8324e) Importer(815301076,1909f56bfc062723c751e8b465ee728b)  -> (artifact id: 'f539b63578cf70cf98a3ae5efe3411b4') in 0.024894 seconds 
  Import took 0.031645 seconds .

========================================================================
Received Import Request.
  Time since last request: 3.629780 seconds.
  path: Assets/Prefabs/composedM4A1.prefab
  artifactKey: Guid(0de1e880b25dc294198ff38efee8324e) Importer(815301076,1909f56bfc062723c751e8b465ee728b)
Start importing Assets/Prefabs/composedM4A1.prefab using Guid(0de1e880b25dc294198ff38efee8324e) Importer(815301076,1909f56bfc062723c751e8b465ee728b)  -> (artifact id: 'f0269234cd2bfa8f5bf1f28111f8e021') in 0.023734 seconds 
  Import took 0.029752 seconds .

========================================================================
Received Import Request.
  Time since last request: 1.642285 seconds.
  path: Assets/Prefabs/composedM4A1.prefab
  artifactKey: Guid(0de1e880b25dc294198ff38efee8324e) Importer(815301076,1909f56bfc062723c751e8b465ee728b)
Start importing Assets/Prefabs/composedM4A1.prefab using Guid(0de1e880b25dc294198ff38efee8324e) Importer(815301076,1909f56bfc062723c751e8b465ee728b)  -> (artifact id: 'e419d4dee7eda51f922a822bafd51966') in 0.028874 seconds 
  Import took 0.035459 seconds .

========================================================================
Received Import Request.
  Time since last request: 1.395967 seconds.
  path: Assets/Prefabs/composedM4A1.prefab
  artifactKey: Guid(0de1e880b25dc294198ff38efee8324e) Importer(815301076,1909f56bfc062723c751e8b465ee728b)
Start importing Assets/Prefabs/composedM4A1.prefab using Guid(0de1e880b25dc294198ff38efee8324e) Importer(815301076,1909f56bfc062723c751e8b465ee728b)  -> (artifact id: '367f7f784e7a90bfd979d5280d37c092') in 0.022547 seconds 
  Import took 0.027819 seconds .

========================================================================
Received Import Request.
  Time since last request: 2.374043 seconds.
  path: Assets/Prefabs/composedM4A1.prefab
  artifactKey: Guid(0de1e880b25dc294198ff38efee8324e) Importer(815301076,1909f56bfc062723c751e8b465ee728b)
Start importing Assets/Prefabs/composedM4A1.prefab using Guid(0de1e880b25dc294198ff38efee8324e) Importer(815301076,1909f56bfc062723c751e8b465ee728b)  -> (artifact id: '828a0e7c5cbace3c8db5f8273e5dd99d') in 0.022634 seconds 
  Import took 0.028487 seconds .

========================================================================
Received Import Request.
  Time since last request: 2.620164 seconds.
  path: Assets/Prefabs/composedM4A1.prefab
  artifactKey: Guid(0de1e880b25dc294198ff38efee8324e) Importer(815301076,1909f56bfc062723c751e8b465ee728b)
Start importing Assets/Prefabs/composedM4A1.prefab using Guid(0de1e880b25dc294198ff38efee8324e) Importer(815301076,1909f56bfc062723c751e8b465ee728b)  -> (artifact id: '56c23957c1a7e91e87f617b6dd55bfd6') in 0.023422 seconds 
  Import took 0.028838 seconds .

========================================================================
Received Import Request.
  Time since last request: 2.259254 seconds.
  path: Assets/Prefabs/composedM4A1.prefab
  artifactKey: Guid(0de1e880b25dc294198ff38efee8324e) Importer(815301076,1909f56bfc062723c751e8b465ee728b)
Start importing Assets/Prefabs/composedM4A1.prefab using Guid(0de1e880b25dc294198ff38efee8324e) Importer(815301076,1909f56bfc062723c751e8b465ee728b)  -> (artifact id: '4f44556db51c3aaf4d41631698e68572') in 0.024317 seconds 
  Import took 0.029996 seconds .

========================================================================
Received Import Request.
  Time since last request: 1.639458 seconds.
  path: Assets/Prefabs/composedM4A1.prefab
  artifactKey: Guid(0de1e880b25dc294198ff38efee8324e) Importer(815301076,1909f56bfc062723c751e8b465ee728b)
Start importing Assets/Prefabs/composedM4A1.prefab using Guid(0de1e880b25dc294198ff38efee8324e) Importer(815301076,1909f56bfc062723c751e8b465ee728b)  -> (artifact id: '717c9712af524fd3d1ba9f8a52acb53f') in 0.029825 seconds 
  Import took 0.037394 seconds .

========================================================================
Received Import Request.
  Time since last request: 2.364220 seconds.
  path: Assets/Prefabs/composedM4A1.prefab
  artifactKey: Guid(0de1e880b25dc294198ff38efee8324e) Importer(815301076,1909f56bfc062723c751e8b465ee728b)
Start importing Assets/Prefabs/composedM4A1.prefab using Guid(0de1e880b25dc294198ff38efee8324e) Importer(815301076,1909f56bfc062723c751e8b465ee728b)  -> (artifact id: '7e7e67de13917f56c4bc640682a7cac9') in 0.024357 seconds 
  Import took 0.031116 seconds .

========================================================================
Received Import Request.
  Time since last request: 1.794581 seconds.
  path: Assets/Prefabs/composedM4A1.prefab
  artifactKey: Guid(0de1e880b25dc294198ff38efee8324e) Importer(815301076,1909f56bfc062723c751e8b465ee728b)
Start importing Assets/Prefabs/composedM4A1.prefab using Guid(0de1e880b25dc294198ff38efee8324e) Importer(815301076,1909f56bfc062723c751e8b465ee728b)  -> (artifact id: '9414fe21a0e5ef177c91df28aa940012') in 0.026297 seconds 
  Import took 0.032636 seconds .

========================================================================
Received Import Request.
  Time since last request: 1.381715 seconds.
  path: Assets/Prefabs/composedM4A1.prefab
  artifactKey: Guid(0de1e880b25dc294198ff38efee8324e) Importer(815301076,1909f56bfc062723c751e8b465ee728b)
Start importing Assets/Prefabs/composedM4A1.prefab using Guid(0de1e880b25dc294198ff38efee8324e) Importer(815301076,1909f56bfc062723c751e8b465ee728b)  -> (artifact id: '6f1e131c59cab8a322fb6304fb78a6ab') in 0.030304 seconds 
  Import took 0.036576 seconds .

========================================================================
Received Import Request.
  Time since last request: 16.829069 seconds.
  path: Assets/Prefabs/composedM4A1.prefab
  artifactKey: Guid(0de1e880b25dc294198ff38efee8324e) Importer(815301076,1909f56bfc062723c751e8b465ee728b)
Start importing Assets/Prefabs/composedM4A1.prefab using Guid(0de1e880b25dc294198ff38efee8324e) Importer(815301076,1909f56bfc062723c751e8b465ee728b)  -> (artifact id: 'b7f6f39d2bea8fc3560d72a3cd7a8619') in 0.020272 seconds 
  Import took 0.026214 seconds .

========================================================================
Received Import Request.
  Time since last request: 9.704864 seconds.
  path: Assets/Prefabs/composedM4A1.prefab
  artifactKey: Guid(0de1e880b25dc294198ff38efee8324e) Importer(815301076,1909f56bfc062723c751e8b465ee728b)
Start importing Assets/Prefabs/composedM4A1.prefab using Guid(0de1e880b25dc294198ff38efee8324e) Importer(815301076,1909f56bfc062723c751e8b465ee728b)  -> (artifact id: '74cdc3e9b592251e46b19871a9253da6') in 0.019998 seconds 
  Import took 0.025683 seconds .

========================================================================
Received Prepare
Registering precompiled user dll's ...
Registered in 0.005123 seconds.
Begin MonoManager ReloadAssembly
Native extension for WindowsStandalone target not found
Refreshing native plugins compatible for Editor in 0.64 ms, found 3 plugins.
Preloading 0 native plugins for Editor in 0.00 ms.
Mono: successfully reloaded assembly
- Completed reload, in  1.493 seconds
Domain Reload Profiling:
	ReloadAssembly (1494ms)
		BeginReloadAssembly (164ms)
			ExecutionOrderSort (0ms)
			DisableScriptedObjects (7ms)
			BackupInstance (0ms)
			ReleaseScriptingObjects (0ms)
			CreateAndSetChildDomain (44ms)
		EndReloadAssembly (1242ms)
			LoadAssemblies (133ms)
			RebuildTransferFunctionScriptingTraits (0ms)
			SetupTypeCache (407ms)
			ReleaseScriptCaches (1ms)
			RebuildScriptCaches (56ms)
			SetupLoadedEditorAssemblies (521ms)
				LogAssemblyErrors (0ms)
				InitializePlatformSupportModulesInManaged (6ms)
				SetLoadedEditorAssemblies (1ms)
				RefreshPlugins (1ms)
				BeforeProcessingInitializeOnLoad (136ms)
				ProcessInitializeOnLoadAttributes (362ms)
				ProcessInitializeOnLoadMethodAttributes (7ms)
				AfterProcessingInitializeOnLoad (8ms)
				EditorAssembliesLoaded (0ms)
			ExecutionOrderSort2 (0ms)
			AwakeInstancesAfterBackupRestoration (12ms)
Platform modules already initialized, skipping
Refreshing native plugins compatible for Editor in 0.54 ms, found 3 plugins.
Preloading 0 native plugins for Editor in 0.00 ms.
Unloading 2384 Unused Serialized files (Serialized files now loaded: 0)
System memory in use before: 107.0 MB.
System memory in use after: 107.1 MB.

Unloading 21 unused Assets to reduce memory usage. Loaded Objects now: 2855.
Total: 3.747100 ms (FindLiveObjects: 0.258900 ms CreateObjectMapping: 0.157400 ms MarkObjects: 3.208700 ms  DeleteObjects: 0.120900 ms)

AssetImportParameters requested are different than current active one (requested -> active):
  custom:framework-win-MediaFoundation: 216162199b28c13a410421893ffa2e32 -> 
  custom:video-decoder-ogg-theora: a1e56fd34408186e4bbccfd4996cb3dc -> 
  custom:container-muxer-webm: aa71ff27fc2769a1b78a27578f13a17b -> 
  custom:container-demuxer-webm: 4f35f7cbe854078d1ac9338744f61a02 -> 
  custom:container-demuxer-ogg: 62fdf1f143b41e24485cea50d1cbac27 -> 
  custom:video-encoder-webm-vp8: eb34c28f22e8b96e1ab97ce403110664 -> 
  custom:video-decoder-webm-vp8: 9c59270c3fd7afecdb556c50c9e8de78 -> 
  custom:audio-decoder-ogg-vorbis: bf7c407c2cedff20999df2af8eb42d56 -> 
  custom:audio-encoder-webm-vorbis: bf7c407c2cedff20999df2af8eb42d56 -> 
AssetImportWorkerClient::OnTransportError - code=2 error=End of file
